<?xml version="1.0" encoding="UTF-8"?>
<!-- Generated by org.testng.reporters.JUnitReportReporter -->
<testsuite hostname="Purnendu" failures="0" tests="2" name="testng.AnnotationAttributes" time="6.855" errors="0" timestamp="2025-06-09T12:49:37 IST" skipped="0">
  <testcase classname="testng.AnnotationAttributes" name="login" time="3.705">
    <system-out>
      <![CDATA[Logged in Succesfully]]>
    </system-out>
  </testcase> <!-- login -->
  <testcase classname="testng.AnnotationAttributes" name="register" time="3.150">
    <system-out>
      <![CDATA[Register Succesfully]]>
    </system-out>
  </testcase> <!-- register -->
  <system-out>
    <![CDATA[Logged in Succesfully
Register Succesfully]]>
  </system-out>
</testsuite> <!-- testng.AnnotationAttributes -->
