<?xml version="1.0" encoding="UTF-8"?>
<!-- Generated by org.testng.reporters.JUnitReportReporter -->
<testsuite hostname="Purnendu" failures="0" tests="1" name="testng.Lamborgini" time="9.040" errors="0" timestamp="2025-06-12T10:24:44 IST" skipped="0">
  <testcase classname="testng.Lamborgini" name="launch" time="9.040">
    <system-out>
      <![CDATA[Lamborgini launched]]>
    </system-out>
  </testcase> <!-- launch -->
  <system-out>
    <![CDATA[Ferrari launched
Lamborgini launched
Audi launched
BMW launched]]>
  </system-out>
</testsuite> <!-- testng.Lamborgini -->
