<?xml version="1.0" encoding="UTF-8"?>
<!-- Generated by org.testng.reporters.JUnitReportReporter -->
<testsuite hostname="Purnendu" failures="0" tests="1" name="testng.Honda" time="7.678" errors="0" timestamp="2025-06-11T13:33:02 IST" skipped="0">
  <testcase classname="testng.Honda" name="launch" time="7.678">
    <system-out>
      <![CDATA[Honda launched]]>
    </system-out>
  </testcase> <!-- launch -->
  <system-out>
    <![CDATA[Suzuki launched
Yamaha launched
Ducati launched
Honda launched]]>
  </system-out>
</testsuite> <!-- testng.Honda -->
