<?xml version="1.0" encoding="UTF-8"?>
<!-- Generated by org.testng.reporters.JUnitReportReporter -->
<testsuite hostname="Purnendu" failures="0" tests="5" name="testng.ThreadPoolSize" time="15.925" errors="0" timestamp="2025-06-09T13:14:15 IST" skipped="0">
  <testcase classname="testng.ThreadPoolSize" name="register" time="1.988">
    <system-out>
      <![CDATA[Register Succesfully]]>
    </system-out>
  </testcase> <!-- register -->
  <testcase classname="testng.ThreadPoolSize" name="register" time="3.055">
    <system-out>
      <![CDATA[Register Succesfully]]>
    </system-out>
  </testcase> <!-- register -->
  <testcase classname="testng.ThreadPoolSize" name="register" time="3.141">
    <system-out>
      <![CDATA[Register Succesfully]]>
    </system-out>
  </testcase> <!-- register -->
  <testcase classname="testng.ThreadPoolSize" name="register" time="3.419">
    <system-out>
      <![CDATA[Register Succesfully]]>
    </system-out>
  </testcase> <!-- register -->
  <testcase classname="testng.ThreadPoolSize" name="login" time="4.322">
    <system-out>
      <![CDATA[Logged in Succesfully]]>
    </system-out>
  </testcase> <!-- login -->
  <system-out>
    <![CDATA[Register Succesfully
Register Succesfully
Register Succesfully
Register Succesfully
Logged in Succesfully]]>
  </system-out>
</testsuite> <!-- testng.ThreadPoolSize -->
