<?xml version="1.0" encoding="UTF-8"?>
<!-- Generated by org.testng.reporters.JUnitReportReporter -->
<testsuite hostname="Purnendu" failures="0" tests="2" name="testng.ToLearnTestNG" time="0.017" errors="0" timestamp="2025-06-06T13:53:23 IST" skipped="0">
  <testcase classname="testng.ToLearnTestNG" name="sample" time="0.001">
    <system-out>
      <![CDATA[sample to TestNG]]>
    </system-out>
  </testcase> <!-- sample -->
  <testcase classname="testng.ToLearnTestNG" name="demo" time="0.016">
    <system-out>
      <![CDATA[demo test case executed]]>
    </system-out>
  </testcase> <!-- demo -->
  <system-out>
    <![CDATA[demo test case executed
sample to TestNG]]>
  </system-out>
</testsuite> <!-- testng.ToLearnTestNG -->
