<?xml version="1.0" encoding="UTF-8"?>
<!-- Generated by org.testng.reporters.JUnitReportReporter -->
<testsuite hostname="Purnendu" failures="0" tests="1" name="testng.Yamaha" time="4.414" errors="0" timestamp="2025-06-11T13:33:02 IST" skipped="0">
  <testcase classname="testng.Yamaha" name="launch" time="4.414">
    <system-out>
      <![CDATA[Yamaha launched]]>
    </system-out>
  </testcase> <!-- launch -->
  <system-out>
    <![CDATA[Suzuki launched
Yamaha launched
Ducati launched
Honda launched]]>
  </system-out>
</testsuite> <!-- testng.Yamaha -->
