<?xml version="1.0" encoding="UTF-8"?>
<!-- Generated by org.testng.reporters.JUnitReportReporter -->
<testsuite hostname="Purnendu" failures="0" tests="4" name="DataProvider.ToLearnDataProvider" time="13.956" errors="0" timestamp="2025-06-17T12:59:38 IST" skipped="0">
  <testcase classname="DataProvider.ToLearnDataProvider" name="login" time="4.120"/>
  <testcase classname="DataProvider.ToLearnDataProvider" name="login" time="2.933"/>
  <testcase classname="DataProvider.ToLearnDataProvider" name="login" time="3.099"/>
  <testcase classname="DataProvider.ToLearnDataProvider" name="login" time="3.804"/>
</testsuite> <!-- DataProvider.ToLearnDataProvider -->
