<?xml version="1.0" encoding="UTF-8"?>
<!-- Generated by org.testng.reporters.JUnitReportReporter -->
<testsuite hostname="Purnendu" failures="0" tests="1" name="testng.Suzuki" time="3.132" errors="0" timestamp="2025-06-11T13:33:02 IST" skipped="0">
  <testcase classname="testng.Suzuki" name="launch" time="3.132">
    <system-out>
      <![CDATA[Suzuki launched]]>
    </system-out>
  </testcase> <!-- launch -->
  <system-out>
    <![CDATA[Suzuki launched
Yamaha launched
Ducati launched
Honda launched]]>
  </system-out>
</testsuite> <!-- testng.Suzuki -->
