<?xml version="1.0" encoding="UTF-8"?>
<!-- Generated by org.testng.reporters.JUnitReportReporter -->
<testsuite hostname="Purnendu" failures="0" tests="3" name="testng.DependsOnMethods" time="9.803" errors="0" timestamp="2025-06-09T13:38:11 IST" skipped="0">
  <testcase classname="testng.DependsOnMethods" name="addToCart" time="2.997">
    <system-out>
      <![CDATA[product added Succesfully]]>
    </system-out>
  </testcase> <!-- addToCart -->
  <testcase classname="testng.DependsOnMethods" name="register" time="3.789">
    <system-out>
      <![CDATA[Register Succesfully]]>
    </system-out>
  </testcase> <!-- register -->
  <testcase classname="testng.DependsOnMethods" name="login" time="3.017">
    <system-out>
      <![CDATA[Logged in Succesfully]]>
    </system-out>
  </testcase> <!-- login -->
  <system-out>
    <![CDATA[Register Succesfully
Logged in Succesfully
product added Succesfully]]>
  </system-out>
</testsuite> <!-- testng.DependsOnMethods -->
