<?xml version="1.0" encoding="UTF-8"?>
<!-- Generated by org.testng.reporters.JUnitReportReporter -->
<testsuite hostname="Purnendu" failures="0" tests="1" name="testng.Ferrari" time="6.448" errors="0" timestamp="2025-06-12T10:30:31 IST" skipped="0">
  <testcase classname="testng.Ferrari" name="launch" time="6.448">
    <system-out>
      <![CDATA[Ferrari launched]]>
    </system-out>
  </testcase> <!-- launch -->
  <system-out>
    <![CDATA[Audi launched
Ferrari launched]]>
  </system-out>
</testsuite> <!-- testng.Ferrari -->
