<?xml version="1.0" encoding="UTF-8"?>
<!-- Generated by org.testng.reporters.JUnitReportReporter -->
<testsuite hostname="Purnendu" failures="0" tests="1" name="testng.Audi" time="5.770" errors="0" timestamp="2025-06-12T10:30:31 IST" skipped="0">
  <testcase classname="testng.Audi" name="launch" time="5.770">
    <system-out>
      <![CDATA[Audi launched]]>
    </system-out>
  </testcase> <!-- launch -->
  <system-out>
    <![CDATA[Audi launched
Ferrari launched]]>
  </system-out>
</testsuite> <!-- testng.Audi -->
