<?xml version="1.0" encoding="UTF-8"?>
<!-- Generated by org.testng.reporters.JUnitReportReporter -->
<testsuite hostname="Purnendu" failures="0" tests="5" name="testng.InvocationCount" time="16.979" errors="0" timestamp="2025-06-09T13:04:03 IST" skipped="0">
  <testcase classname="testng.InvocationCount" name="register" time="3.229">
    <system-out>
      <![CDATA[Register Succesfully]]>
    </system-out>
  </testcase> <!-- register -->
  <testcase classname="testng.InvocationCount" name="register" time="3.274">
    <system-out>
      <![CDATA[Register Succesfully]]>
    </system-out>
  </testcase> <!-- register -->
  <testcase classname="testng.InvocationCount" name="register" time="3.973">
    <system-out>
      <![CDATA[Register Succesfully]]>
    </system-out>
  </testcase> <!-- register -->
  <testcase classname="testng.InvocationCount" name="register" time="3.073">
    <system-out>
      <![CDATA[Register Succesfully]]>
    </system-out>
  </testcase> <!-- register -->
  <testcase classname="testng.InvocationCount" name="login" time="3.430">
    <system-out>
      <![CDATA[Logged in Succesfully]]>
    </system-out>
  </testcase> <!-- login -->
  <system-out>
    <![CDATA[Register Succesfully
Register Succesfully
Register Succesfully
Register Succesfully
Logged in Succesfully]]>
  </system-out>
</testsuite> <!-- testng.InvocationCount -->
