<?xml version="1.0" encoding="UTF-8"?>
<!-- Generated by org.testng.reporters.JUnitReportReporter -->
<testsuite hostname="Purnendu" failures="0" tests="4" name="DataProvider.MultipleDataProvider" time="18.450" errors="0" timestamp="2025-06-17T13:33:41 IST" skipped="0">
  <testcase classname="DataProvider.MultipleDataProvider" name="login" time="2.617"/>
  <testcase classname="DataProvider.MultipleDataProvider" name="login" time="3.455"/>
  <testcase classname="DataProvider.MultipleDataProvider" name="login" time="2.371"/>
  <testcase classname="DataProvider.MultipleDataProvider" name="login" time="10.007"/>
</testsuite> <!-- DataProvider.MultipleDataProvider -->
