<?xml version="1.0" encoding="UTF-8"?>
<!-- Generated by org.testng.reporters.JUnitReportReporter -->
<testsuite hostname="Purnendu" failures="0" tests="1" name="testng.MultipleTestNG" time="0.008" errors="0" timestamp="2025-06-06T13:52:24 IST" skipped="0">
  <testcase classname="testng.MultipleTestNG" name="demo" time="0.008">
    <system-out>
      <![CDATA[welcome test case executed]]>
    </system-out>
  </testcase> <!-- demo -->
  <system-out>
    <![CDATA[welcome test case executed]]>
  </system-out>
</testsuite> <!-- testng.MultipleTestNG -->
