<?xml version="1.0" encoding="UTF-8"?>
<!-- Generated by org.testng.reporters.JUnitReportReporter -->
<testsuite hostname="Purnendu" failures="0" tests="5" name="testng.EnabledFalse" time="19.375" errors="0" timestamp="2025-06-09T13:24:44 IST" skipped="1">
  <testcase classname="testng.EnabledFalse" name="register" time="4.789">
    <system-out>
      <![CDATA[Register Succesfully]]>
    </system-out>
  </testcase> <!-- register -->
  <testcase classname="testng.EnabledFalse" name="register" time="4.790">
    <system-out>
      <![CDATA[Register Succesfully]]>
    </system-out>
  </testcase> <!-- register -->
  <testcase classname="testng.EnabledFalse" name="register" time="4.852">
    <system-out>
      <![CDATA[Register Succesfully]]>
    </system-out>
  </testcase> <!-- register -->
  <testcase classname="testng.EnabledFalse" name="register" time="4.944">
    <system-out>
      <![CDATA[Register Succesfully]]>
    </system-out>
  </testcase> <!-- register -->
  <testcase classname="testng.EnabledFalse" name="login">
    <skipped/>
  </testcase> <!-- login -->
  <system-out>
    <![CDATA[Register Succesfully
Register Succesfully
Register Succesfully
Register Succesfully]]>
  </system-out>
</testsuite> <!-- testng.EnabledFalse -->
